Could not read previous export (for caching), doing full export.
Renaming 1 -> 
bg: Exporting image
twitter: Exporting image
2 copy: Exporting image
1 copy 2: Exporting image
2: Exporting image
1: Exporting image
Group 2: Exporting image
three: Exporting image
3.2: Exporting image
four: Exporting image
five: Exporting image
six: Exporting image
Group 3: Exporting image
seven: Exporting image
3: Exporting image
-2: Exporting image
1: Exporting image
17 views changed
Success: /var/folders/vh/gljcn6ln6lb66_jbzzxg_t880000gn/T/0B6D12E0-4609-45C1-B87D-8BA05EB93CBF-12855-00003D19FFF490D2/vivek2
